<?xml version="1.0" encoding="UTF-8"?>
<testsuite name="com.odcarebears.ObBearsApplicationTests" tests="1" skipped="0" failures="0" errors="0" timestamp="2022-11-18T18:35:45" hostname="DESKTOP-EUB844V" time="0.488">
  <properties/>
  <testcase name="contextLoads()" classname="com.odcarebears.ObBearsApplicationTests" time="0.488"/>
  <system-out><![CDATA[12:35:26.134 [Test worker] DEBUG org.springframework.test.context.BootstrapUtils - Instantiating CacheAwareContextLoaderDelegate from class [org.springframework.test.context.cache.DefaultCacheAwareContextLoaderDelegate]
12:35:26.145 [Test worker] DEBUG org.springframework.test.context.BootstrapUtils - Instantiating BootstrapContext using constructor [public org.springframework.test.context.support.DefaultBootstrapContext(java.lang.Class,org.springframework.test.context.CacheAwareContextLoaderDelegate)]
12:35:26.269 [Test worker] DEBUG org.springframework.test.context.BootstrapUtils - Instantiating TestContextBootstrapper for test class [com.odcarebears.ObBearsApplicationTests] from class [org.springframework.boot.test.context.SpringBootTestContextBootstrapper]
12:35:26.285 [Test worker] INFO org.springframework.boot.test.context.SpringBootTestContextBootstrapper - Neither @ContextConfiguration nor @ContextHierarchy found for test class [com.odcarebears.ObBearsApplicationTests], using SpringBootContextLoader
12:35:26.289 [Test worker] DEBUG org.springframework.test.context.support.AbstractContextLoader - Did not detect default resource location for test class [com.odcarebears.ObBearsApplicationTests]: class path resource [com/odcarebears/ObBearsApplicationTests-context.xml] does not exist
12:35:26.289 [Test worker] DEBUG org.springframework.test.context.support.AbstractContextLoader - Did not detect default resource location for test class [com.odcarebears.ObBearsApplicationTests]: class path resource [com/odcarebears/ObBearsApplicationTestsContext.groovy] does not exist
12:35:26.290 [Test worker] INFO org.springframework.test.context.support.AbstractContextLoader - Could not detect default resource locations for test class [com.odcarebears.ObBearsApplicationTests]: no resource found for suffixes {-context.xml, Context.groovy}.
12:35:26.291 [Test worker] INFO org.springframework.test.context.support.AnnotationConfigContextLoaderUtils - Could not detect default configuration classes for test class [com.odcarebears.ObBearsApplicationTests]: ObBearsApplicationTests does not declare any static, non-private, non-final, nested classes annotated with @Configuration.
12:35:26.345 [Test worker] DEBUG org.springframework.test.context.support.ActiveProfilesUtils - Could not find an 'annotation declaring class' for annotation type [org.springframework.test.context.ActiveProfiles] and class [com.odcarebears.ObBearsApplicationTests]
12:35:26.413 [Test worker] DEBUG org.springframework.context.annotation.ClassPathScanningCandidateComponentProvider - Identified candidate component class: file [D:\Documentos\Generation\backup\odCareBears-backend\build\classes\java\main\com\odcarebears\ObBearsApplication.class]
12:35:26.415 [Test worker] INFO org.springframework.boot.test.context.SpringBootTestContextBootstrapper - Found @SpringBootConfiguration com.odcarebears.ObBearsApplication for test class com.odcarebears.ObBearsApplicationTests
12:35:26.609 [Test worker] DEBUG org.springframework.boot.test.context.SpringBootTestContextBootstrapper - @TestExecutionListeners is not present for class [com.odcarebears.ObBearsApplicationTests]: using defaults.
12:35:26.611 [Test worker] INFO org.springframework.boot.test.context.SpringBootTestContextBootstrapper - Loaded default TestExecutionListener class names from location [META-INF/spring.factories]: [org.springframework.boot.test.autoconfigure.restdocs.RestDocsTestExecutionListener, org.springframework.boot.test.autoconfigure.web.client.MockRestServiceServerResetTestExecutionListener, org.springframework.boot.test.autoconfigure.web.servlet.MockMvcPrintOnlyOnFailureTestExecutionListener, org.springframework.boot.test.autoconfigure.web.servlet.WebDriverTestExecutionListener, org.springframework.boot.test.autoconfigure.webservices.client.MockWebServiceServerTestExecutionListener, org.springframework.boot.test.mock.mockito.MockitoTestExecutionListener, org.springframework.boot.test.mock.mockito.ResetMocksTestExecutionListener, org.springframework.test.context.web.ServletTestExecutionListener, org.springframework.test.context.support.DirtiesContextBeforeModesTestExecutionListener, org.springframework.test.context.event.ApplicationEventsTestExecutionListener, org.springframework.test.context.support.DependencyInjectionTestExecutionListener, org.springframework.test.context.support.DirtiesContextTestExecutionListener, org.springframework.test.context.transaction.TransactionalTestExecutionListener, org.springframework.test.context.jdbc.SqlScriptsTestExecutionListener, org.springframework.test.context.event.EventPublishingTestExecutionListener]
12:35:26.631 [Test worker] INFO org.springframework.boot.test.context.SpringBootTestContextBootstrapper - Using TestExecutionListeners: [org.springframework.test.context.web.ServletTestExecutionListener@3e792ce3, org.springframework.test.context.support.DirtiesContextBeforeModesTestExecutionListener@53bc1328, org.springframework.test.context.event.ApplicationEventsTestExecutionListener@26f143ed, org.springframework.boot.test.mock.mockito.MockitoTestExecutionListener@3c1e3314, org.springframework.boot.test.autoconfigure.SpringBootDependencyInjectionTestExecutionListener@4b770e40, org.springframework.test.context.support.DirtiesContextTestExecutionListener@78e16155, org.springframework.test.context.transaction.TransactionalTestExecutionListener@54a3ab8f, org.springframework.test.context.jdbc.SqlScriptsTestExecutionListener@1968a49c, org.springframework.test.context.event.EventPublishingTestExecutionListener@6a1ebcff, org.springframework.boot.test.autoconfigure.restdocs.RestDocsTestExecutionListener@19868320, org.springframework.boot.test.autoconfigure.web.client.MockRestServiceServerResetTestExecutionListener@50b0bc4c, org.springframework.boot.test.autoconfigure.web.servlet.MockMvcPrintOnlyOnFailureTestExecutionListener@c20be82, org.springframework.boot.test.autoconfigure.web.servlet.WebDriverTestExecutionListener@13c612bd, org.springframework.boot.test.autoconfigure.webservices.client.MockWebServiceServerTestExecutionListener@3ef41c66, org.springframework.boot.test.mock.mockito.ResetMocksTestExecutionListener@6b739528]
12:35:26.635 [Test worker] DEBUG org.springframework.test.context.support.AbstractDirtiesContextTestExecutionListener - Before test class: context [DefaultTestContext@4d4d48a6 testClass = ObBearsApplicationTests, testInstance = [null], testMethod = [null], testException = [null], mergedContextConfiguration = [WebMergedContextConfiguration@315df4bb testClass = ObBearsApplicationTests, locations = '{}', classes = '{class com.odcarebears.ObBearsApplication}', contextInitializerClasses = '[]', activeProfiles = '{}', propertySourceLocations = '{}', propertySourceProperties = '{org.springframework.boot.test.context.SpringBootTestContextBootstrapper=true}', contextCustomizers = set[org.springframework.boot.test.autoconfigure.actuate.metrics.MetricsExportContextCustomizerFactory$DisableMetricExportContextCustomizer@5b43fbf6, org.springframework.boot.test.autoconfigure.properties.PropertyMappingContextCustomizer@0, org.springframework.boot.test.autoconfigure.web.servlet.WebDriverContextCustomizerFactory$Customizer@749c877b, org.springframework.boot.test.context.filter.ExcludeFilterContextCustomizer@4a3329b9, org.springframework.boot.test.json.DuplicateJsonObjectContextCustomizerFactory$DuplicateJsonObjectContextCustomizer@13e3c1c7, org.springframework.boot.test.mock.mockito.MockitoContextCustomizer@0, org.springframework.boot.test.web.client.TestRestTemplateContextCustomizer@4721d212, org.springframework.boot.test.context.SpringBootTestArgs@1, org.springframework.boot.test.context.SpringBootTestWebEnvironment@1c852c0f], resourceBasePath = 'src/main/webapp', contextLoader = 'org.springframework.boot.test.context.SpringBootContextLoader', parent = [null]], attributes = map['org.springframework.test.context.web.ServletTestExecutionListener.activateListener' -> true]], class annotated with @DirtiesContext [false] with mode [null].
  _____  ______       _______ _______  ______ _______      ______  _______ _______  ______ _______
 |     | |     \      |       |_____| |_____/ |______      |_____] |______ |_____| |_____/ |______
 |_____| |_____/      |_____  |     | |    \_ |______      |_____] |______ |     | |    \_ ______|


2022-11-18 12:35:27.349  INFO 7460 --- [    Test worker] com.odcarebears.ObBearsApplicationTests  : Starting ObBearsApplicationTests using Java 17.0.5 on DESKTOP-EUB844V with PID 7460 (started by Miguel Morán in D:\Documentos\Generation\backup\odCareBears-backend)
2022-11-18 12:35:27.353  INFO 7460 --- [    Test worker] com.odcarebears.ObBearsApplicationTests  : No active profile set, falling back to 1 default profile: "default"
2022-11-18 12:35:28.999  INFO 7460 --- [    Test worker] .s.d.r.c.RepositoryConfigurationDelegate : Bootstrapping Spring Data JPA repositories in DEFAULT mode.
2022-11-18 12:35:29.086  INFO 7460 --- [    Test worker] .s.d.r.c.RepositoryConfigurationDelegate : Finished Spring Data repository scanning in 64 ms. Found 5 JPA repository interfaces.
2022-11-18 12:35:30.833  INFO 7460 --- [    Test worker] o.hibernate.jpa.internal.util.LogHelper  : HHH000204: Processing PersistenceUnitInfo [name: default]
2022-11-18 12:35:31.034  INFO 7460 --- [    Test worker] org.hibernate.Version                    : HHH000412: Hibernate ORM core version 5.6.12.Final
2022-11-18 12:35:31.443  INFO 7460 --- [    Test worker] o.hibernate.annotations.common.Version   : HCANN000001: Hibernate Commons Annotations {5.1.2.Final}
2022-11-18 12:35:31.768  INFO 7460 --- [    Test worker] com.zaxxer.hikari.HikariDataSource       : HikariPool-1 - Starting...
2022-11-18 12:35:33.136  INFO 7460 --- [    Test worker] com.zaxxer.hikari.HikariDataSource       : HikariPool-1 - Start completed.
2022-11-18 12:35:33.168  INFO 7460 --- [    Test worker] org.hibernate.dialect.Dialect            : HHH000400: Using dialect: org.hibernate.dialect.MySQL8Dialect
Hibernate: alter table detalles_pedido drop foreign key FKrvkloxugyfhcls33cvc1no8rm
Hibernate: alter table detalles_pedido drop foreign key FKh4gusbsp9h94g37c25p2nimp5
Hibernate: alter table pedidos drop foreign key FKi7r280aajwcb0vmf6chge1ird
Hibernate: alter table producto drop foreign key FK9nyueixdsgbycfhf7allg8su
Hibernate: drop table if exists categoria
Hibernate: drop table if exists detalles_pedido
Hibernate: drop table if exists pedidos
Hibernate: drop table if exists producto
Hibernate: drop table if exists usuario
Hibernate: create table categoria (id_categoria bigint not null auto_increment, imagen_categoria varchar(155), nombre_categoria varchar(100), primary key (id_categoria)) engine=InnoDB
Hibernate: create table detalles_pedido (detalle_id bigint not null auto_increment, cantidad_producto integer, importe_total double precision, id_pedido bigint, id_producto bigint, primary key (detalle_id)) engine=InnoDB
Hibernate: create table pedidos (id_pedido bigint not null auto_increment, fecha_realizado timestamp default CURRENT_TIMESTAMP, numero_productos integer, user_id bigint, primary key (id_pedido)) engine=InnoDB
Hibernate: create table producto (id_producto bigint not null auto_increment, descripcion varchar(255), existencias bigint, fecha_creacion timestamp default CURRENT_TIMESTAMP, foto1 varchar(255), foto2 varchar(255), foto3 varchar(255), nombre_producto varchar(255), precio double precision, id_categoria bigint not null, primary key (id_producto)) engine=InnoDB
Hibernate: create table usuario (user_id bigint not null auto_increment, email varchar(150), full_name varchar(150), password varchar(150), telephone varchar(10), primary key (user_id)) engine=InnoDB
Hibernate: alter table detalles_pedido add constraint FKrvkloxugyfhcls33cvc1no8rm foreign key (id_pedido) references pedidos (id_pedido)
Hibernate: alter table detalles_pedido add constraint FKh4gusbsp9h94g37c25p2nimp5 foreign key (id_producto) references producto (id_producto)
Hibernate: alter table pedidos add constraint FKi7r280aajwcb0vmf6chge1ird foreign key (user_id) references usuario (user_id)
Hibernate: alter table producto add constraint FK9nyueixdsgbycfhf7allg8su foreign key (id_categoria) references categoria (id_categoria)
2022-11-18 12:35:37.551  INFO 7460 --- [    Test worker] o.h.t.schema.internal.SchemaCreatorImpl  : HHH000476: Executing import script 'file:/D:/Documentos/Generation/backup/odCareBears-backend/build/resources/main/import.sql'
Hibernate: USE railway
Hibernate: INSERT INTO `categoria`(nombre_categoria, imagen_categoria) VALUE ('Ositos', 'https://i.ibb.co/BjB10BQ/Osos.jpg')
Hibernate: INSERT INTO `categoria`(nombre_categoria, imagen_categoria) VALUE ('Accesorios', 'https://i.ibb.co/6vLTc5F/accesoriofil.jpg')
Hibernate: INSERT INTO `categoria`(nombre_categoria, imagen_categoria) VALUE ('CerÃ¡mica','https://i.ibb.co/FXS5QH3/tazafil.jpg')
Hibernate: INSERT INTO `categoria`(nombre_categoria, imagen_categoria) VALUE ('Otros','https://i.ibb.co/TLND302/otrosfil.jpg')
Hibernate: INSERT INTO `usuario`(`email`, `full_name`, `password`, `telephone`) VALUES ("karlafer6@hotmail.com", "Karla Fernanda RodrÃ­guez Palapa", "Osito123", "5568795574")
Hibernate: INSERT INTO `usuario`(`email`, `full_name`, `password`, `telephone`) VALUES ("odreygj@gmail.com", "Audrey Gerardo JuÃ¡rez", "Osito123", "2223566325")
Hibernate: INSERT INTO `usuario`(`email`, `full_name`, `password`, `telephone`) VALUES ("gabelardo04@gmail.com", "Abelardo GutiÃ©rrez LÃ³pez", "Osito123", "9541239911")
Hibernate: INSERT INTO `usuario`(`email`, `full_name`, `password`, `telephone`) VALUES ("vivancomiguel119@gmail.com", "Miguel Angel Vivanco Maldonado", "Osito123", "3781185488")
Hibernate: INSERT INTO `usuario`(`email`, `full_name`, `password`, `telephone`) VALUES ("betancourt.lucero@gmail.com", "Lucero Clarisa Betancourt GarcÃ­a", "Osito123", "5539192506")
Hibernate: INSERT INTO `usuario`(`email`, `full_name`, `password`, `telephone`) VALUES ("miguelrmor@gmail.com", "Miguel RodrÃ­guez MorÃ¡n", "Osito123", "3310126351")
Hibernate: INSERT INTO `producto`(`nombre_producto`, `precio`, `descripcion`,`id_categoria`, `existencias`,`foto1`,`foto2`,`foto3`) VALUES ('Oso Morado', '199','Mochilita cariÃ±osita con correas ajustables y cierre trasero para guardar lo que desees','1', '10','https://i.ibb.co/744rDWn/Oso-Morado.jpg','https://i.ibb.co/VqzdZGy/Oso-Morado1.jpg','https://i.ibb.co/pnnkHKs/Oso-Morado2.jpg')
Hibernate: INSERT INTO `producto`(`nombre_producto`, `precio`, `descripcion`,`id_categoria`, `existencias`,`foto1`,`foto2`,`foto3`) VALUES('Oso Dormilon', '199', 'Osito Dormiloncito, con su corazÃ³n intacto para que le des mucho amor, ojitos cansaditos y bonitos','1','10','https://i.ibb.co/WgNGg7d/OsoAzul.jpg','https://i.ibb.co/G90FCSb/OsoAzul1.jpg','https://i.ibb.co/4sjTnCJ/Osito-Azul3.jpg')
Hibernate: INSERT INTO `producto`(`nombre_producto`, `precio`, `descripcion`,`id_categoria`, `existencias`,`foto1`,`foto2`,`foto3`) VALUES('Tiernosito cafÃ©', '199', 'Tiernosito cafÃ© esta listo para que acaricies, y cuides de Ã©l','1', '10', 'https://i.ibb.co/xHPXJw9/OsoCafe.jpg','https://i.ibb.co/vXBpXm0/OsoCafe1.jpg', 'https://i.ibb.co/wSd7D5w/OsoCafe2.jpg')
Hibernate: INSERT INTO `producto`(`nombre_producto`, `precio`, `descripcion`,`id_categoria`, `existencias`,`foto1`,`foto2`,`foto3`) VALUES ('Love A Lot Bear', '340', 'Osito con mucho amor para dar y que cuides de Ã©l, en perfecto estado', '1', '10','https://i.ibb.co/dfbZP07/OsoRosa.jpg', 'https://i.ibb.co/Nsdskyv/OsoRosa1.jpg','https://i.ibb.co/7VWWcxX/OsoRosa2.jpg')
Hibernate: INSERT INTO `producto`(`nombre_producto`, `precio`, `descripcion`,`id_categoria`, `existencias`,`foto1`,`foto2`,`foto3`) VALUES ('BebÃ© de los cariÃ±ositos', '145', 'adaptable a mochila, sin daÃ±os','1','5','https://i.ibb.co/mS5fHF0/Oso-Rosita.jpg', 'https://i.ibb.co/nkmGVTb/Oso-Rosita1.jpg', 'https://i.ibb.co/DQsQpCh/Oso-Rosita2.jpg')
Hibernate: INSERT INTO `producto`(`nombre_producto`, `precio`, `descripcion`,`id_categoria`, `existencias`,`foto1`,`foto2`,`foto3`) VALUES ('Aretes Estrella', '199', 'Hermosos aretes en dorado y azul, figuras de planeta y luna con estrellas, con moÃ±os azul, pequeÃ±os y discretos','2' ,'8', ' https://i.ibb.co/StmXdPB/Estrellitas.jpg','https://i.ibb.co/kJBSBkr/Planeta-Peque-o.jpg' , 'https://i.ibb.co/3SKdMCf/Luna-Azul2.jpg')
Hibernate: INSERT INTO `producto`(`nombre_producto`, `precio`, `descripcion`,`id_categoria`, `existencias`,`foto1`,`foto2`,`foto3`) VALUES ('Aretes Aros Luna-Planeta', '140', 'Hermosos aretes en dorado y azul en forma circular, con imagen de la luna, estrellas y un planeta','2', '10', 'https://i.ibb.co/7y9fvZr/Aretes-Luna-Planeta.jpg','https://i.ibb.co/929ZSh8/Aretes-Luna-Planeta2.jpg','https://i.ibb.co/gJYMXY8/Aretes-Luna-Planeta3.jpg')
Hibernate: INSERT INTO `producto`(`nombre_producto`, `precio`, `descripcion`, `id_categoria`, `existencias`,`foto1`,`foto2`,`foto3`) VALUES ('Aretes Luna-Estrella', '130', 'Hermosos aretes en dorado y azul, una luna y una estrella con una perla.','2', '10','https://i.ibb.co/MfVR9R9/Luna-Estrellita.jpg','https://i.ibb.co/HBQVdtw/Luna-Estrellita2.jpg', 'https://i.ibb.co/MP2Kyp0/Aretes-Circulares4.jpg')
Hibernate: INSERT INTO `producto`(`nombre_producto`, `precio`, `descripcion`, `id_categoria`, `existencias`,`foto1`,`foto2`,`foto3`) VALUES ('Noche Estrellada', '199', 'Hermosos aretes en dorado y azul, una luna llena en aros, con estrellas y planetas pequeÃ±os colgantes','2', '10', 'https://i.ibb.co/p0qHPbv/Noche-Estrellada1.jpg','https://i.ibb.co/1TbKn7s/Noche-Estrellada2.jpg', 'https://i.ibb.co/p0qHPbv/Noche-Estrellada1.jpg')
Hibernate: INSERT INTO `producto`(`nombre_producto`, `precio`, `descripcion`, `id_categoria`, `existencias`,`foto1`,`foto2`,`foto3`) VALUES ('Alhajero', '390','Alhajero de ceramica con flores, bordes dorados en la base','3', '10', 'https://i.ibb.co/8KxkNZ6/Alajero.jpg', 'https://i.ibb.co/L8nh9mT/Alajero1.jpg', 'https://i.ibb.co/S3Ytyjf/Alajero2.jpg')
Hibernate: INSERT INTO `producto`(`nombre_producto`, `precio`, `descripcion`, `id_categoria`, `existencias`,`foto1`,`foto2`,`foto3`) VALUES ('Cajita pastel', '450', 'Pastelito,con fresas en la parte de arriba,puedes guardar aretes y collares en los compartimientos internos. Fue pintado y moldeado a mano. **Incluye 2 macarons de Ositos','3', '6', 'https://i.ibb.co/3Njn98y/Cajita-Pastel.jpg','https://i.ibb.co/SdX9X2S/Cajita-Pastel1.jpg', 'https://i.ibb.co/smv2Nj7/Cajita-Pastel2.jpg ')
Hibernate: INSERT INTO `producto`(`nombre_producto`, `precio`, `descripcion`, `id_categoria`,  `existencias`,`foto1`,`foto2`,`foto3`) VALUES ('Plato largo', '350', 'PlatÃ³n de ceramica, con la imagen de Cinnamoroll pintado a mano, con tÃ©cnica de hoja de oro','3', '4', 'https://i.ibb.co/37pQK3V/Plato-Largo.jpg','https://i.ibb.co/k9nphkv/Plato-Largo2.jpg','https://i.ibb.co/k9nphkv/Plato-Largo2.jpg')
Hibernate: INSERT INTO `producto`(`nombre_producto`, `precio`, `descripcion`, `id_categoria`, `existencias`,`foto1`,`foto2`,`foto3`) VALUES ('Alhajero My Melody', '199', 'PequeÃ±o alajero de My Melody, se asoma su figura','3', '10', 'https://i.ibb.co/wwk0Bmy/Taza.jpg', 'https://i.ibb.co/R0RZq44/Taza1.jpg', 'https://i.ibb.co/3BZVnY4/Taza2.jpg')
Hibernate: INSERT INTO `producto`(`nombre_producto`, `precio`, `descripcion`, `id_categoria`,  `existencias`, `foto1`,`foto2`,`foto3`) VALUES ('Pintura De Oso', '1300', 'Pintura con tÃ©cnica sobre oleo de 60x75 cm.','1', '1', 'https://i.ibb.co/wYPK6Tn/Pintura1.jpg', 'https://i.ibb.co/5WDfW7j/Pintura2.jpg', 'https://i.ibb.co/5WDfW7j/Pintura2.jpg')
Hibernate: INSERT INTO `producto`(`nombre_producto`, `precio`, `descripcion`, `id_categoria`, `existencias`,`foto1`,`foto2`,`foto3`) VALUES ('Pintura De iglesia', '650', 'Pintura con tÃ©cnica sobre oleo de 20x40 cm.', '1', '1', 'https://i.ibb.co/KK8xmN8/templo.jpg', 'https://i.ibb.co/HBNNxjL/templo2.jpg')
2022-11-18 12:35:41.306  WARN 7460 --- [    Test worker] o.h.t.s.i.ExceptionHandlerLoggedImpl     : GenerationTarget encountered exception accepting command : Error executing DDL "INSERT INTO `producto`(`nombre_producto`, `precio`, `descripcion`, `id_categoria`, `existencias`,`foto1`,`foto2`,`foto3`) VALUES ('Pintura De iglesia', '650', 'Pintura con tÃ©cnica sobre oleo de 20x40 cm.', '1', '1', 'https://i.ibb.co/KK8xmN8/templo.jpg', 'https://i.ibb.co/HBNNxjL/templo2.jpg')" via JDBC Statement

org.hibernate.tool.schema.spi.CommandAcceptanceException: Error executing DDL "INSERT INTO `producto`(`nombre_producto`, `precio`, `descripcion`, `id_categoria`, `existencias`,`foto1`,`foto2`,`foto3`) VALUES ('Pintura De iglesia', '650', 'Pintura con tÃ©cnica sobre oleo de 20x40 cm.', '1', '1', 'https://i.ibb.co/KK8xmN8/templo.jpg', 'https://i.ibb.co/HBNNxjL/templo2.jpg')" via JDBC Statement
	at org.hibernate.tool.schema.internal.exec.GenerationTargetToDatabase.accept(GenerationTargetToDatabase.java:67) ~[hibernate-core-5.6.12.Final.jar:5.6.12.Final]
	at org.hibernate.tool.schema.internal.SchemaCreatorImpl.applySqlString(SchemaCreatorImpl.java:458) ~[hibernate-core-5.6.12.Final.jar:5.6.12.Final]
	at org.hibernate.tool.schema.internal.SchemaCreatorImpl.applyImportSources(SchemaCreatorImpl.java:514) ~[hibernate-core-5.6.12.Final.jar:5.6.12.Final]
	at org.hibernate.tool.schema.internal.SchemaCreatorImpl.performCreation(SchemaCreatorImpl.java:183) ~[hibernate-core-5.6.12.Final.jar:5.6.12.Final]
	at org.hibernate.tool.schema.internal.SchemaCreatorImpl.doCreation(SchemaCreatorImpl.java:138) ~[hibernate-core-5.6.12.Final.jar:5.6.12.Final]
	at org.hibernate.tool.schema.internal.SchemaCreatorImpl.doCreation(SchemaCreatorImpl.java:124) ~[hibernate-core-5.6.12.Final.jar:5.6.12.Final]
	at org.hibernate.tool.schema.spi.SchemaManagementToolCoordinator.performDatabaseAction(SchemaManagementToolCoordinator.java:168) ~[hibernate-core-5.6.12.Final.jar:5.6.12.Final]
	at org.hibernate.tool.schema.spi.SchemaManagementToolCoordinator.process(SchemaManagementToolCoordinator.java:85) ~[hibernate-core-5.6.12.Final.jar:5.6.12.Final]
	at org.hibernate.internal.SessionFactoryImpl.<init>(SessionFactoryImpl.java:335) ~[hibernate-core-5.6.12.Final.jar:5.6.12.Final]
	at org.hibernate.boot.internal.SessionFactoryBuilderImpl.build(SessionFactoryBuilderImpl.java:471) ~[hibernate-core-5.6.12.Final.jar:5.6.12.Final]
	at org.hibernate.jpa.boot.internal.EntityManagerFactoryBuilderImpl.build(EntityManagerFactoryBuilderImpl.java:1498) ~[hibernate-core-5.6.12.Final.jar:5.6.12.Final]
	at org.springframework.orm.jpa.vendor.SpringHibernateJpaPersistenceProvider.createContainerEntityManagerFactory(SpringHibernateJpaPersistenceProvider.java:58) ~[spring-orm-5.3.23.jar:5.3.23]
	at org.springframework.orm.jpa.LocalContainerEntityManagerFactoryBean.createNativeEntityManagerFactory(LocalContainerEntityManagerFactoryBean.java:365) ~[spring-orm-5.3.23.jar:5.3.23]
	at org.springframework.orm.jpa.AbstractEntityManagerFactoryBean.buildNativeEntityManagerFactory(AbstractEntityManagerFactoryBean.java:409) ~[spring-orm-5.3.23.jar:5.3.23]
	at org.springframework.orm.jpa.AbstractEntityManagerFactoryBean.afterPropertiesSet(AbstractEntityManagerFactoryBean.java:396) ~[spring-orm-5.3.23.jar:5.3.23]
	at org.springframework.orm.jpa.LocalContainerEntityManagerFactoryBean.afterPropertiesSet(LocalContainerEntityManagerFactoryBean.java:341) ~[spring-orm-5.3.23.jar:5.3.23]
	at org.springframework.beans.factory.support.AbstractAutowireCapableBeanFactory.invokeInitMethods(AbstractAutowireCapableBeanFactory.java:1863) ~[spring-beans-5.3.23.jar:5.3.23]
	at org.springframework.beans.factory.support.AbstractAutowireCapableBeanFactory.initializeBean(AbstractAutowireCapableBeanFactory.java:1800) ~[spring-beans-5.3.23.jar:5.3.23]
	at org.springframework.beans.factory.support.AbstractAutowireCapableBeanFactory.doCreateBean(AbstractAutowireCapableBeanFactory.java:620) ~[spring-beans-5.3.23.jar:5.3.23]
	at org.springframework.beans.factory.support.AbstractAutowireCapableBeanFactory.createBean(AbstractAutowireCapableBeanFactory.java:542) ~[spring-beans-5.3.23.jar:5.3.23]
	at org.springframework.beans.factory.support.AbstractBeanFactory.lambda$doGetBean$0(AbstractBeanFactory.java:335) ~[spring-beans-5.3.23.jar:5.3.23]
	at org.springframework.beans.factory.support.DefaultSingletonBeanRegistry.getSingleton(DefaultSingletonBeanRegistry.java:234) ~[spring-beans-5.3.23.jar:5.3.23]
	at org.springframework.beans.factory.support.AbstractBeanFactory.doGetBean(AbstractBeanFactory.java:333) ~[spring-beans-5.3.23.jar:5.3.23]
	at org.springframework.beans.factory.support.AbstractBeanFactory.getBean(AbstractBeanFactory.java:208) ~[spring-beans-5.3.23.jar:5.3.23]
	at org.springframework.context.support.AbstractApplicationContext.getBean(AbstractApplicationContext.java:1154) ~[spring-context-5.3.23.jar:5.3.23]
	at org.springframework.context.support.AbstractApplicationContext.finishBeanFactoryInitialization(AbstractApplicationContext.java:908) ~[spring-context-5.3.23.jar:5.3.23]
	at org.springframework.context.support.AbstractApplicationContext.refresh(AbstractApplicationContext.java:583) ~[spring-context-5.3.23.jar:5.3.23]
	at org.springframework.boot.SpringApplication.refresh(SpringApplication.java:734) ~[spring-boot-2.7.5.jar:2.7.5]
	at org.springframework.boot.SpringApplication.refreshContext(SpringApplication.java:408) ~[spring-boot-2.7.5.jar:2.7.5]
	at org.springframework.boot.SpringApplication.run(SpringApplication.java:308) ~[spring-boot-2.7.5.jar:2.7.5]
	at org.springframework.boot.test.context.SpringBootContextLoader.loadContext(SpringBootContextLoader.java:132) ~[spring-boot-test-2.7.5.jar:2.7.5]
	at org.springframework.test.context.cache.DefaultCacheAwareContextLoaderDelegate.loadContextInternal(DefaultCacheAwareContextLoaderDelegate.java:141) ~[spring-test-5.3.23.jar:5.3.23]
	at org.springframework.test.context.cache.DefaultCacheAwareContextLoaderDelegate.loadContext(DefaultCacheAwareContextLoaderDelegate.java:90) ~[spring-test-5.3.23.jar:5.3.23]
	at org.springframework.test.context.support.DefaultTestContext.getApplicationContext(DefaultTestContext.java:124) ~[spring-test-5.3.23.jar:5.3.23]
	at org.springframework.test.context.web.ServletTestExecutionListener.setUpRequestContextIfNecessary(ServletTestExecutionListener.java:190) ~[spring-test-5.3.23.jar:5.3.23]
	at org.springframework.test.context.web.ServletTestExecutionListener.prepareTestInstance(ServletTestExecutionListener.java:132) ~[spring-test-5.3.23.jar:5.3.23]
	at org.springframework.test.context.TestContextManager.prepareTestInstance(TestContextManager.java:248) ~[spring-test-5.3.23.jar:5.3.23]
	at org.springframework.test.context.junit.jupiter.SpringExtension.postProcessTestInstance(SpringExtension.java:138) ~[spring-test-5.3.23.jar:5.3.23]
	at org.junit.jupiter.engine.descriptor.ClassBasedTestDescriptor.lambda$invokeTestInstancePostProcessors$8(ClassBasedTestDescriptor.java:363) ~[junit-jupiter-engine-5.8.2.jar:5.8.2]
	at org.junit.jupiter.engine.descriptor.ClassBasedTestDescriptor.executeAndMaskThrowable(ClassBasedTestDescriptor.java:368) ~[junit-jupiter-engine-5.8.2.jar:5.8.2]
	at org.junit.jupiter.engine.descriptor.ClassBasedTestDescriptor.lambda$invokeTestInstancePostProcessors$9(ClassBasedTestDescriptor.java:363) ~[junit-jupiter-engine-5.8.2.jar:5.8.2]
	at java.base/java.util.stream.ReferencePipeline$3$1.accept(ReferencePipeline.java:197) ~[na:na]
	at java.base/java.util.stream.ReferencePipeline$2$1.accept(ReferencePipeline.java:179) ~[na:na]
	at java.base/java.util.ArrayList$ArrayListSpliterator.forEachRemaining(ArrayList.java:1625) ~[na:na]
	at java.base/java.util.stream.AbstractPipeline.copyInto(AbstractPipeline.java:509) ~[na:na]
	at java.base/java.util.stream.AbstractPipeline.wrapAndCopyInto(AbstractPipeline.java:499) ~[na:na]
	at java.base/java.util.stream.StreamSpliterators$WrappingSpliterator.forEachRemaining(StreamSpliterators.java:310) ~[na:na]
	at java.base/java.util.stream.Streams$ConcatSpliterator.forEachRemaining(Streams.java:735) ~[na:na]
	at java.base/java.util.stream.Streams$ConcatSpliterator.forEachRemaining(Streams.java:734) ~[na:na]
	at java.base/java.util.stream.ReferencePipeline$Head.forEach(ReferencePipeline.java:762) ~[na:na]
	at org.junit.jupiter.engine.descriptor.ClassBasedTestDescriptor.invokeTestInstancePostProcessors(ClassBasedTestDescriptor.java:362) ~[junit-jupiter-engine-5.8.2.jar:5.8.2]
	at org.junit.jupiter.engine.descriptor.ClassBasedTestDescriptor.lambda$instantiateAndPostProcessTestInstance$6(ClassBasedTestDescriptor.java:283) ~[junit-jupiter-engine-5.8.2.jar:5.8.2]
	at org.junit.platform.engine.support.hierarchical.ThrowableCollector.execute(ThrowableCollector.java:73) ~[junit-platform-engine-1.8.2.jar:1.8.2]
	at org.junit.jupiter.engine.descriptor.ClassBasedTestDescriptor.instantiateAndPostProcessTestInstance(ClassBasedTestDescriptor.java:282) ~[junit-jupiter-engine-5.8.2.jar:5.8.2]
	at org.junit.jupiter.engine.descriptor.ClassBasedTestDescriptor.lambda$testInstancesProvider$4(ClassBasedTestDescriptor.java:272) ~[junit-jupiter-engine-5.8.2.jar:5.8.2]
	at java.base/java.util.Optional.orElseGet(Optional.java:364) ~[na:na]
	at org.junit.jupiter.engine.descriptor.ClassBasedTestDescriptor.lambda$testInstancesProvider$5(ClassBasedTestDescriptor.java:271) ~[junit-jupiter-engine-5.8.2.jar:5.8.2]
	at org.junit.jupiter.engine.execution.TestInstancesProvider.getTestInstances(TestInstancesProvider.java:31) ~[junit-jupiter-engine-5.8.2.jar:5.8.2]
	at org.junit.jupiter.engine.descriptor.TestMethodTestDescriptor.lambda$prepare$0(TestMethodTestDescriptor.java:102) ~[junit-jupiter-engine-5.8.2.jar:5.8.2]
	at org.junit.platform.engine.support.hierarchical.ThrowableCollector.execute(ThrowableCollector.java:73) ~[junit-platform-engine-1.8.2.jar:1.8.2]
	at org.junit.jupiter.engine.descriptor.TestMethodTestDescriptor.prepare(TestMethodTestDescriptor.java:101) ~[junit-jupiter-engine-5.8.2.jar:5.8.2]
	at org.junit.jupiter.engine.descriptor.TestMethodTestDescriptor.prepare(TestMethodTestDescriptor.java:66) ~[junit-jupiter-engine-5.8.2.jar:5.8.2]
	at org.junit.platform.engine.support.hierarchical.NodeTestTask.lambda$prepare$2(NodeTestTask.java:123) ~[junit-platform-engine-1.8.2.jar:1.8.2]
	at org.junit.platform.engine.support.hierarchical.ThrowableCollector.execute(ThrowableCollector.java:73) ~[junit-platform-engine-1.8.2.jar:1.8.2]
	at org.junit.platform.engine.support.hierarchical.NodeTestTask.prepare(NodeTestTask.java:123) ~[junit-platform-engine-1.8.2.jar:1.8.2]
	at org.junit.platform.engine.support.hierarchical.NodeTestTask.execute(NodeTestTask.java:90) ~[junit-platform-engine-1.8.2.jar:1.8.2]
	at java.base/java.util.ArrayList.forEach(ArrayList.java:1511) ~[na:na]
	at org.junit.platform.engine.support.hierarchical.SameThreadHierarchicalTestExecutorService.invokeAll(SameThreadHierarchicalTestExecutorService.java:41) ~[junit-platform-engine-1.8.2.jar:1.8.2]
	at org.junit.platform.engine.support.hierarchical.NodeTestTask.lambda$executeRecursively$6(NodeTestTask.java:155) ~[junit-platform-engine-1.8.2.jar:1.8.2]
	at org.junit.platform.engine.support.hierarchical.ThrowableCollector.execute(ThrowableCollector.java:73) ~[junit-platform-engine-1.8.2.jar:1.8.2]
	at org.junit.platform.engine.support.hierarchical.NodeTestTask.lambda$executeRecursively$8(NodeTestTask.java:141) ~[junit-platform-engine-1.8.2.jar:1.8.2]
	at org.junit.platform.engine.support.hierarchical.Node.around(Node.java:137) ~[junit-platform-engine-1.8.2.jar:1.8.2]
	at org.junit.platform.engine.support.hierarchical.NodeTestTask.lambda$executeRecursively$9(NodeTestTask.java:139) ~[junit-platform-engine-1.8.2.jar:1.8.2]
	at org.junit.platform.engine.support.hierarchical.ThrowableCollector.execute(ThrowableCollector.java:73) ~[junit-platform-engine-1.8.2.jar:1.8.2]
	at org.junit.platform.engine.support.hierarchical.NodeTestTask.executeRecursively(NodeTestTask.java:138) ~[junit-platform-engine-1.8.2.jar:1.8.2]
	at org.junit.platform.engine.support.hierarchical.NodeTestTask.execute(NodeTestTask.java:95) ~[junit-platform-engine-1.8.2.jar:1.8.2]
	at java.base/java.util.ArrayList.forEach(ArrayList.java:1511) ~[na:na]
	at org.junit.platform.engine.support.hierarchical.SameThreadHierarchicalTestExecutorService.invokeAll(SameThreadHierarchicalTestExecutorService.java:41) ~[junit-platform-engine-1.8.2.jar:1.8.2]
	at org.junit.platform.engine.support.hierarchical.NodeTestTask.lambda$executeRecursively$6(NodeTestTask.java:155) ~[junit-platform-engine-1.8.2.jar:1.8.2]
	at org.junit.platform.engine.support.hierarchical.ThrowableCollector.execute(ThrowableCollector.java:73) ~[junit-platform-engine-1.8.2.jar:1.8.2]
	at org.junit.platform.engine.support.hierarchical.NodeTestTask.lambda$executeRecursively$8(NodeTestTask.java:141) ~[junit-platform-engine-1.8.2.jar:1.8.2]
	at org.junit.platform.engine.support.hierarchical.Node.around(Node.java:137) ~[junit-platform-engine-1.8.2.jar:1.8.2]
	at org.junit.platform.engine.support.hierarchical.NodeTestTask.lambda$executeRecursively$9(NodeTestTask.java:139) ~[junit-platform-engine-1.8.2.jar:1.8.2]
	at org.junit.platform.engine.support.hierarchical.ThrowableCollector.execute(ThrowableCollector.java:73) ~[junit-platform-engine-1.8.2.jar:1.8.2]
	at org.junit.platform.engine.support.hierarchical.NodeTestTask.executeRecursively(NodeTestTask.java:138) ~[junit-platform-engine-1.8.2.jar:1.8.2]
	at org.junit.platform.engine.support.hierarchical.NodeTestTask.execute(NodeTestTask.java:95) ~[junit-platform-engine-1.8.2.jar:1.8.2]
	at org.junit.platform.engine.support.hierarchical.SameThreadHierarchicalTestExecutorService.submit(SameThreadHierarchicalTestExecutorService.java:35) ~[junit-platform-engine-1.8.2.jar:1.8.2]
	at org.junit.platform.engine.support.hierarchical.HierarchicalTestExecutor.execute(HierarchicalTestExecutor.java:57) ~[junit-platform-engine-1.8.2.jar:1.8.2]
	at org.junit.platform.engine.support.hierarchical.HierarchicalTestEngine.execute(HierarchicalTestEngine.java:54) ~[junit-platform-engine-1.8.2.jar:1.8.2]
	at org.junit.platform.launcher.core.EngineExecutionOrchestrator.execute(EngineExecutionOrchestrator.java:107) ~[na:na]
	at org.junit.platform.launcher.core.EngineExecutionOrchestrator.execute(EngineExecutionOrchestrator.java:88) ~[na:na]
	at org.junit.platform.launcher.core.EngineExecutionOrchestrator.lambda$execute$0(EngineExecutionOrchestrator.java:54) ~[na:na]
	at org.junit.platform.launcher.core.EngineExecutionOrchestrator.withInterceptedStreams(EngineExecutionOrchestrator.java:67) ~[na:na]
	at org.junit.platform.launcher.core.EngineExecutionOrchestrator.execute(EngineExecutionOrchestrator.java:52) ~[na:na]
	at org.junit.platform.launcher.core.DefaultLauncher.execute(DefaultLauncher.java:114) ~[na:na]
	at org.junit.platform.launcher.core.DefaultLauncher.execute(DefaultLauncher.java:86) ~[na:na]
	at org.junit.platform.launcher.core.DefaultLauncherSession$DelegatingLauncher.execute(DefaultLauncherSession.java:86) ~[na:na]
	at org.junit.platform.launcher.core.SessionPerRequestLauncher.execute(SessionPerRequestLauncher.java:53) ~[na:na]
	at org.gradle.api.internal.tasks.testing.junitplatform.JUnitPlatformTestClassProcessor$CollectAllTestClassesExecutor.processAllTestClasses(JUnitPlatformTestClassProcessor.java:99) ~[na:na]
	at org.gradle.api.internal.tasks.testing.junitplatform.JUnitPlatformTestClassProcessor$CollectAllTestClassesExecutor.access$000(JUnitPlatformTestClassProcessor.java:79) ~[na:na]
	at org.gradle.api.internal.tasks.testing.junitplatform.JUnitPlatformTestClassProcessor.stop(JUnitPlatformTestClassProcessor.java:75) ~[na:na]
	at org.gradle.api.internal.tasks.testing.SuiteTestClassProcessor.stop(SuiteTestClassProcessor.java:61) ~[na:na]
	at java.base/jdk.internal.reflect.NativeMethodAccessorImpl.invoke0(Native Method) ~[na:na]
	at java.base/jdk.internal.reflect.NativeMethodAccessorImpl.invoke(NativeMethodAccessorImpl.java:77) ~[na:na]
	at java.base/jdk.internal.reflect.DelegatingMethodAccessorImpl.invoke(DelegatingMethodAccessorImpl.java:43) ~[na:na]
	at java.base/java.lang.reflect.Method.invoke(Method.java:568) ~[na:na]
	at org.gradle.internal.dispatch.ReflectionDispatch.dispatch(ReflectionDispatch.java:36) ~[na:na]
	at org.gradle.internal.dispatch.ReflectionDispatch.dispatch(ReflectionDispatch.java:24) ~[na:na]
	at org.gradle.internal.dispatch.ContextClassLoaderDispatch.dispatch(ContextClassLoaderDispatch.java:33) ~[na:na]
	at org.gradle.internal.dispatch.ProxyDispatchAdapter$DispatchingInvocationHandler.invoke(ProxyDispatchAdapter.java:94) ~[na:na]
	at jdk.proxy1/jdk.proxy1.$Proxy2.stop(Unknown Source) ~[na:na]
	at org.gradle.api.internal.tasks.testing.worker.TestWorker$3.run(TestWorker.java:193) ~[na:na]
	at org.gradle.api.internal.tasks.testing.worker.TestWorker.executeAndMaintainThreadName(TestWorker.java:129) ~[na:na]
	at org.gradle.api.internal.tasks.testing.worker.TestWorker.execute(TestWorker.java:100) ~[na:na]
	at org.gradle.api.internal.tasks.testing.worker.TestWorker.execute(TestWorker.java:60) ~[na:na]
	at org.gradle.process.internal.worker.child.ActionExecutionWorker.execute(ActionExecutionWorker.java:56) ~[na:na]
	at org.gradle.process.internal.worker.child.SystemApplicationClassLoaderWorker.call(SystemApplicationClassLoaderWorker.java:133) ~[na:na]
	at org.gradle.process.internal.worker.child.SystemApplicationClassLoaderWorker.call(SystemApplicationClassLoaderWorker.java:71) ~[na:na]
	at worker.org.gradle.process.internal.worker.GradleWorkerMain.run(GradleWorkerMain.java:69) ~[gradle-worker.jar:na]
	at worker.org.gradle.process.internal.worker.GradleWorkerMain.main(GradleWorkerMain.java:74) ~[gradle-worker.jar:na]
Caused by: java.sql.SQLException: Column count doesn't match value count at row 1
	at com.mysql.cj.jdbc.exceptions.SQLError.createSQLException(SQLError.java:129) ~[mysql-connector-j-8.0.31.jar:8.0.31]
	at com.mysql.cj.jdbc.exceptions.SQLExceptionsMapping.translateException(SQLExceptionsMapping.java:122) ~[mysql-connector-j-8.0.31.jar:8.0.31]
	at com.mysql.cj.jdbc.StatementImpl.executeInternal(StatementImpl.java:763) ~[mysql-connector-j-8.0.31.jar:8.0.31]
	at com.mysql.cj.jdbc.StatementImpl.execute(StatementImpl.java:648) ~[mysql-connector-j-8.0.31.jar:8.0.31]
	at com.zaxxer.hikari.pool.ProxyStatement.execute(ProxyStatement.java:94) ~[HikariCP-4.0.3.jar:na]
	at com.zaxxer.hikari.pool.HikariProxyStatement.execute(HikariProxyStatement.java) ~[HikariCP-4.0.3.jar:na]
	at org.hibernate.tool.schema.internal.exec.GenerationTargetToDatabase.accept(GenerationTargetToDatabase.java:54) ~[hibernate-core-5.6.12.Final.jar:5.6.12.Final]
	... 119 common frames omitted

Hibernate: INSERT INTO `pedidos` ( `numero_productos`,`user_id`) VALUES ('2', '1')
Hibernate: INSERT INTO `pedidos` ( `numero_productos`,`user_id`) VALUES ('1', '2')
Hibernate: INSERT INTO `pedidos` ( `numero_productos`,`user_id`) VALUES ('2', '3')
Hibernate: INSERT INTO `pedidos` ( `numero_productos`,`user_id`) VALUES ('4', '4')
Hibernate: INSERT INTO `pedidos` ( `numero_productos`,`user_id`) VALUES ('10', '5')
Hibernate: INSERT INTO `pedidos` ( `numero_productos`,`user_id`) VALUES ('2', '6')
2022-11-18 12:35:42.191  INFO 7460 --- [    Test worker] o.h.e.t.j.p.i.JtaPlatformInitiator       : HHH000490: Using JtaPlatform implementation: [org.hibernate.engine.transaction.jta.platform.internal.NoJtaPlatform]
2022-11-18 12:35:42.202  INFO 7460 --- [    Test worker] j.LocalContainerEntityManagerFactoryBean : Initialized JPA EntityManagerFactory for persistence unit 'default'
2022-11-18 12:35:44.010  WARN 7460 --- [    Test worker] JpaBaseConfiguration$JpaWebConfiguration : spring.jpa.open-in-view is enabled by default. Therefore, database queries may be performed during view rendering. Explicitly configure spring.jpa.open-in-view to disable this warning
2022-11-18 12:35:45.925  INFO 7460 --- [    Test worker] com.odcarebears.ObBearsApplicationTests  : Started ObBearsApplicationTests in 19.236 seconds (JVM running for 22.082)
]]></system-out>
  <system-err><![CDATA[]]></system-err>
</testsuite>
